[debug] [2022-11-28T12:57:56.909Z] ----------------------------------------------------------------------
[debug] [2022-11-28T12:57:56.912Z] Command:       C:\Program Files\nodejs\node.exe C:\Users\Admin\AppData\Roaming\npm\node_modules\firebase-tools\lib\bin\firebase.js init
[debug] [2022-11-28T12:57:56.912Z] CLI Version:   11.14.4
[debug] [2022-11-28T12:57:56.912Z] Platform:      win32
[debug] [2022-11-28T12:57:56.913Z] Node Version:  v16.15.1
[debug] [2022-11-28T12:57:56.917Z] Time:          Mon Nov 28 2022 18:57:56 GMT+0600 (Bangladesh Standard Time)
[debug] [2022-11-28T12:57:56.917Z] ----------------------------------------------------------------------
[debug] 
[debug] [2022-11-28T12:57:56.923Z] >>> [apiv2][query] GET https://firebase-public.firebaseio.com/cli.json [none]
[debug] [2022-11-28T12:57:56.951Z] > command requires scopes: ["email","openid","https://www.googleapis.com/auth/cloudplatformprojects.readonly","https://www.googleapis.com/auth/firebase","https://www.googleapis.com/auth/cloud-platform"]
[debug] [2022-11-28T12:57:56.952Z] > authorizing via signed-in user (siyamict@gmail.com)
[info] 
     ######## #### ########  ######## ########     ###     ######  ########
     ##        ##  ##     ## ##       ##     ##  ##   ##  ##       ##
     ######    ##  ########  ######   ########  #########  ######  ######
     ##        ##  ##    ##  ##       ##     ## ##     ##       ## ##
     ##       #### ##     ## ######## ########  ##     ##  ######  ########

You're about to initialize a Firebase project in this directory:

  D:\WEB-Development\78-laptop-resale-client

[debug] [2022-11-28T12:57:57.695Z] <<< [apiv2][status] GET https://firebase-public.firebaseio.com/cli.json 200
[debug] [2022-11-28T12:57:57.696Z] <<< [apiv2][body] GET https://firebase-public.firebaseio.com/cli.json {"cloudBuildErrorAfter":1594252800000,"cloudBuildWarnAfter":1590019200000,"defaultNode10After":1594252800000,"minVersion":"3.0.5","node8DeploysDisabledAfter":1613390400000,"node8RuntimeDisabledAfter":1615809600000,"node8WarnAfter":1600128000000}
[info] 
=== Project Setup
[info] 
[info] First, let's associate this project directory with a Firebase project.
[info] You can create multiple project aliases by running firebase use --add, 
[info] but for now we'll just set up a default project.
[info] 
[debug] [2022-11-28T12:58:31.058Z] > refreshing access token with scopes: []
[debug] [2022-11-28T12:58:31.060Z] >>> [apiv2][query] POST https://www.googleapis.com/oauth2/v3/token [none]
[debug] [2022-11-28T12:58:31.060Z] >>> [apiv2][body] POST https://www.googleapis.com/oauth2/v3/token [omitted]
[debug] [2022-11-28T12:58:31.347Z] <<< [apiv2][status] POST https://www.googleapis.com/oauth2/v3/token 200
[debug] [2022-11-28T12:58:31.348Z] <<< [apiv2][body] POST https://www.googleapis.com/oauth2/v3/token [omitted]
[debug] [2022-11-28T12:58:31.358Z] >>> [apiv2][query] GET https://firebase.googleapis.com/v1beta1/projects pageSize=100
[debug] [2022-11-28T12:58:32.195Z] <<< [apiv2][status] GET https://firebase.googleapis.com/v1beta1/projects 200
[debug] [2022-11-28T12:58:32.195Z] <<< [apiv2][body] GET https://firebase.googleapis.com/v1beta1/projects [omitted]
[debug] [2022-11-28T13:02:45.578Z] ----------------------------------------------------------------------
[debug] [2022-11-28T13:02:45.581Z] Command:       C:\Program Files\nodejs\node.exe C:\Users\Admin\AppData\Roaming\npm\node_modules\firebase-tools\lib\bin\firebase.js init
[debug] [2022-11-28T13:02:45.582Z] CLI Version:   11.14.4
[debug] [2022-11-28T13:02:45.582Z] Platform:      win32
[debug] [2022-11-28T13:02:45.582Z] Node Version:  v16.15.1
[debug] [2022-11-28T13:02:45.583Z] Time:          Mon Nov 28 2022 19:02:45 GMT+0600 (Bangladesh Standard Time)
[debug] [2022-11-28T13:02:45.584Z] ----------------------------------------------------------------------
[debug] 
[debug] [2022-11-28T13:02:45.594Z] > command requires scopes: ["email","openid","https://www.googleapis.com/auth/cloudplatformprojects.readonly","https://www.googleapis.com/auth/firebase","https://www.googleapis.com/auth/cloud-platform"]
[debug] [2022-11-28T13:02:45.595Z] > authorizing via signed-in user (siyamict@gmail.com)
[info] 
     ######## #### ########  ######## ########     ###     ######  ########
     ##        ##  ##     ## ##       ##     ##  ##   ##  ##       ##
     ######    ##  ########  ######   ########  #########  ######  ######
     ##        ##  ##    ##  ##       ##     ## ##     ##       ## ##
     ##       #### ##     ## ######## ########  ##     ##  ######  ########

You're about to initialize a Firebase project in this directory:

  D:\WEB-Development\78-laptop-resale-client

[info] 
=== Project Setup
[info] 
[info] First, let's associate this project directory with a Firebase project.
[info] You can create multiple project aliases by running firebase use --add, 
[info] but for now we'll just set up a default project.
[info] 
[debug] [2022-11-28T13:03:06.149Z] >>> [apiv2][query] GET https://firebase.googleapis.com/v1beta1/projects pageSize=100
[debug] [2022-11-28T13:03:07.320Z] <<< [apiv2][status] GET https://firebase.googleapis.com/v1beta1/projects 200
[debug] [2022-11-28T13:03:07.320Z] <<< [apiv2][body] GET https://firebase.googleapis.com/v1beta1/projects [omitted]
